<?xml version="1.0" encoding="UTF-8"?>
<testng-results ignored="0" total="1" passed="1" failed="0" skipped="0">
  <reporter-output>
  </reporter-output>
  <suite started-at="2023-02-16T16:29:10 IST" name="Default suite" finished-at="2023-02-16T16:29:15 IST" duration-ms="5379">
    <groups>
    </groups>
    <test started-at="2023-02-16T16:29:10 IST" name="Default test" finished-at="2023-02-16T16:29:15 IST" duration-ms="5379">
      <class name="Lokanath.Assertion">
        <test-method signature="verifyTitle()[pri:0, instance:Lokanath.Assertion@1bb266b3]" started-at="2023-02-16T16:29:10 IST" name="verifyTitle" finished-at="2023-02-16T16:29:15 IST" duration-ms="5325" status="PASS">
          <reporter-output>
          </reporter-output>
        </test-method> <!-- verifyTitle -->
      </class> <!-- Lokanath.Assertion -->
    </test> <!-- Default test -->
  </suite> <!-- Default suite -->
</testng-results>
